0 info it worked if it ends with ok
1 verbose cli [ 'C:\\Program Files\\nodejs\\node.exe',
1 verbose cli   'C:\\Program Files\\nodejs\\node_modules\\npm\\bin\\npm-cli.js',
1 verbose cli   'run',
1 verbose cli   'dev' ]
2 info using npm@3.10.10
3 info using node@v6.11.0
4 verbose run-script [ 'predev', 'dev', 'postdev' ]
5 info lifecycle coffee-script-example@1.0.0~predev: coffee-script-example@1.0.0
6 silly lifecycle coffee-script-example@1.0.0~predev: no script for predev, continuing
7 info lifecycle coffee-script-example@1.0.0~dev: coffee-script-example@1.0.0
8 verbose lifecycle coffee-script-example@1.0.0~dev: unsafe-perm in lifecycle true
9 verbose lifecycle coffee-script-example@1.0.0~dev: PATH: C:\Program Files\nodejs\node_modules\npm\bin\node-gyp-bin;C:\Users\s76007\Downloads\framerStarterKit\framerStarterKit\node_modules\.bin;C:\ProgramData\Oracle\Java\javapath;C:\Program Files (x86)\Intel\iCLS Client\;C:\Program Files\Intel\iCLS Client\;C:\Program Files\Microsoft MPI\Bin\;C:\Windows\system32;C:\Windows;C:\Windows\System32\Wbem;C:\Windows\System32\WindowsPowerShell\v1.0\;C:\Program Files (x86)\Windows Kits\8.1\Windows Performance Toolkit\;C:\Program Files\Microsoft SQL Server\110\Tools\Binn\;C:\Program Files (x86)\Microsoft SDKs\TypeScript\1.0\;C:\Program Files\Microsoft SQL Server\120\Tools\Binn\;C:\Program Files (x86)\Intel\Intel(R) Management Engine Components\DAL;C:\Program Files\Intel\Intel(R) Management Engine Components\DAL;C:\Program Files (x86)\Intel\Intel(R) Management Engine Components\IPT;C:\Program Files\Intel\Intel(R) Management Engine Components\IPT;C:\Program Files (x86)\NVIDIA Corporation\PhysX\Common;C:\Program Files\MIT\Kerberos\bin;C:\Program Files (x86)\Common Files\DivX Shared\;C:\Program Files (x86)\QuickTime\QTSystem\;C:\Program Files (x86)\MiKTeX 2.9\miktex\bin\;C:\Program Files (x86)\LyX 2.2\Perl\bin;C:\Program Files (x86)\GtkSharp\2.12\bin;C:\Program Files\nodejs\;C:\Users\Default\AppData\Roaming\npm;C:\Program Files\Common Files\Autodesk Shared\;C:\Program Files (x86)\Autodesk\Backburner\;C:\Program Files\Git\cmd;C:\Program Files (x86)\PuTTY\;C:\Users\s76007\AppData\Local\Microsoft\WindowsApps;
10 verbose lifecycle coffee-script-example@1.0.0~dev: CWD: C:\Users\s76007\Downloads\framerStarterKit\framerStarterKit
11 silly lifecycle coffee-script-example@1.0.0~dev: Args: [ '/d /s /c', 'coffee -o src/ -cw src/' ]
12 silly lifecycle coffee-script-example@1.0.0~dev: Returned: code: 3221225786  signal: null
13 info lifecycle coffee-script-example@1.0.0~dev: Failed to exec dev script
14 verbose stack Error: coffee-script-example@1.0.0 dev: `coffee -o src/ -cw src/`
14 verbose stack Exit status 3221225786
14 verbose stack     at EventEmitter.<anonymous> (C:\Program Files\nodejs\node_modules\npm\lib\utils\lifecycle.js:255:16)
14 verbose stack     at emitTwo (events.js:106:13)
14 verbose stack     at EventEmitter.emit (events.js:191:7)
14 verbose stack     at ChildProcess.<anonymous> (C:\Program Files\nodejs\node_modules\npm\lib\utils\spawn.js:40:14)
14 verbose stack     at emitTwo (events.js:106:13)
14 verbose stack     at ChildProcess.emit (events.js:191:7)
14 verbose stack     at maybeClose (internal/child_process.js:891:16)
14 verbose stack     at Process.ChildProcess._handle.onexit (internal/child_process.js:226:5)
15 verbose pkgid coffee-script-example@1.0.0
16 verbose cwd C:\Users\s76007\Downloads\framerStarterKit\framerStarterKit
17 error Windows_NT 10.0.14393
18 error argv "C:\\Program Files\\nodejs\\node.exe" "C:\\Program Files\\nodejs\\node_modules\\npm\\bin\\npm-cli.js" "run" "dev"
19 error node v6.11.0
20 error npm  v3.10.10
21 error code ELIFECYCLE
22 error coffee-script-example@1.0.0 dev: `coffee -o src/ -cw src/`
22 error Exit status 3221225786
23 error Failed at the coffee-script-example@1.0.0 dev script 'coffee -o src/ -cw src/'.
23 error Make sure you have the latest version of node.js and npm installed.
23 error If you do, this is most likely a problem with the coffee-script-example package,
23 error not with npm itself.
23 error Tell the author that this fails on your system:
23 error     coffee -o src/ -cw src/
23 error You can get information on how to open an issue for this project with:
23 error     npm bugs coffee-script-example
23 error Or if that isn't available, you can get their info via:
23 error     npm owner ls coffee-script-example
23 error There is likely additional logging output above.
24 verbose exit [ 1, true ]
